TN:
SF:/Users/Guoda/Documents/Alexa - Things To Do/index.js
FNF:0
FNH:0
DA:1,5
DA:2,5
DA:3,5
DA:10,5
LF:4
LH:4
BRF:0
BRH:0
end_of_record
TN:
SF:/Users/Guoda/Documents/Alexa - Things To Do/local-debugger.js
FN:50,(anonymous_0)
FN:63,(anonymous_1)
FN:65,(anonymous_2)
FN:68,(anonymous_3)
FN:81,getAndValidatePortNumber
FN:101,getLambdaHandlerName
FN:111,getAndValidateSkillInvokerFile
FN:125,getArgument
FNF:8
FNH:0
FNDA:0,(anonymous_0)
FNDA:0,(anonymous_1)
FNDA:0,(anonymous_2)
FNDA:0,(anonymous_3)
FNDA:0,getAndValidatePortNumber
FNDA:0,getLambdaHandlerName
FNDA:0,getAndValidateSkillInvokerFile
FNDA:0,getArgument
DA:25,0
DA:26,0
DA:28,0
DA:30,0
DA:31,0
DA:32,0
DA:33,0
DA:34,0
DA:42,0
DA:43,0
DA:44,0
DA:50,0
DA:51,0
DA:63,0
DA:64,0
DA:65,0
DA:66,0
DA:67,0
DA:68,0
DA:69,0
DA:70,0
DA:71,0
DA:82,0
DA:83,0
DA:84,0
DA:86,0
DA:87,0
DA:89,0
DA:90,0
DA:93,0
DA:102,0
DA:112,0
DA:113,0
DA:114,0
DA:116,0
DA:126,0
DA:127,0
DA:128,0
DA:129,0
DA:131,0
DA:134,0
LF:41
LH:0
BRDA:83,0,0,0
BRDA:83,0,1,0
BRDA:86,1,0,0
BRDA:86,1,1,0
BRDA:86,2,0,0
BRDA:86,2,1,0
BRDA:89,3,0,0
BRDA:89,3,1,0
BRDA:113,4,0,0
BRDA:113,4,1,0
BRDA:127,5,0,0
BRDA:127,5,1,0
BRDA:127,6,0,0
BRDA:127,6,1,0
BRDA:128,7,0,0
BRDA:128,7,1,0
BRF:16
BRH:0
end_of_record
TN:
SF:/Users/Guoda/Documents/Alexa - Things To Do/util.js
FN:8,getS3PreSignedUrl
FNF:1
FNH:0
FNDA:0,getS3PreSignedUrl
DA:1,0
DA:3,0
DA:8,0
DA:10,0
DA:11,0
DA:16,0
DA:17,0
LF:7
LH:0
BRF:0
BRH:0
end_of_record
TN:
SF:/Users/Guoda/Documents/Alexa - Things To Do/lib/handlers.js
FN:13,(anonymous_0)
FN:16,(anonymous_1)
FN:25,(anonymous_2)
FN:29,(anonymous_3)
FN:38,(anonymous_4)
FN:43,(anonymous_5)
FN:58,(anonymous_6)
FN:62,(anonymous_7)
FN:77,(anonymous_8)
FN:80,(anonymous_9)
FN:93,(anonymous_10)
FN:96,(anonymous_11)
FN:111,(anonymous_12)
FN:114,(anonymous_13)
FN:125,(anonymous_14)
FN:129,(anonymous_15)
FN:174,(anonymous_16)
FN:178,(anonymous_17)
FN:197,(anonymous_18)
FN:201,(anonymous_19)
FN:205,(anonymous_20)
FN:220,(anonymous_21)
FN:224,(anonymous_22)
FNF:23
FNH:17
FNDA:75,(anonymous_0)
FNDA:5,(anonymous_1)
FNDA:17,(anonymous_2)
FNDA:3,(anonymous_3)
FNDA:14,(anonymous_4)
FNDA:10,(anonymous_5)
FNDA:4,(anonymous_6)
FNDA:2,(anonymous_7)
FNDA:2,(anonymous_8)
FNDA:0,(anonymous_9)
FNDA:2,(anonymous_10)
FNDA:2,(anonymous_11)
FNDA:0,(anonymous_12)
FNDA:0,(anonymous_13)
FNDA:70,(anonymous_14)
FNDA:21,(anonymous_15)
FNDA:41,(anonymous_16)
FNDA:24,(anonymous_17)
FNDA:0,(anonymous_18)
FNDA:0,(anonymous_19)
FNDA:0,(anonymous_20)
FNDA:49,(anonymous_21)
FNDA:8,(anonymous_22)
DA:1,5
DA:2,5
DA:3,5
DA:6,5
DA:8,5
DA:10,5
DA:12,5
DA:14,75
DA:17,5
DA:18,5
DA:20,5
DA:24,5
DA:26,17
DA:30,3
DA:31,3
DA:33,3
DA:37,5
DA:39,14
DA:44,10
DA:45,10
DA:46,10
DA:47,10
DA:48,10
DA:52,5
DA:59,4
DA:63,2
DA:64,2
DA:65,2
DA:67,2
DA:71,5
DA:78,2
DA:81,0
DA:83,0
DA:87,5
DA:94,2
DA:97,2
DA:98,2
DA:99,2
DA:101,2
DA:105,5
DA:112,0
DA:115,0
DA:116,0
DA:117,0
DA:118,0
DA:120,0
DA:124,5
DA:126,70
DA:127,70
DA:135,21
DA:136,21
DA:137,21
DA:138,21
DA:139,21
DA:140,21
DA:141,21
DA:142,21
DA:145,21
DA:146,3
DA:149,18
DA:150,11
DA:152,18
DA:153,18
DA:154,18
DA:155,18
DA:157,18
DA:158,0
DA:159,0
DA:162,18
DA:165,18
DA:168,0
DA:173,5
DA:175,41
DA:176,41
DA:179,24
DA:180,24
DA:181,24
DA:182,24
DA:183,24
DA:185,24
DA:186,22
DA:188,24
DA:191,0
DA:196,5
DA:198,0
DA:199,0
DA:202,0
DA:203,0
DA:205,0
DA:206,0
DA:209,0
DA:211,0
DA:214,0
DA:219,5
DA:221,49
DA:222,49
DA:225,8
DA:226,8
DA:227,8
DA:228,8
DA:229,8
DA:231,8
DA:232,2
DA:237,6
DA:238,6
DA:239,6
DA:240,6
DA:242,6
DA:243,4
DA:244,4
DA:245,4
DA:246,4
DA:247,4
DA:248,4
DA:251,2
DA:252,2
DA:253,2
DA:258,0
DA:263,5
LF:119
LH:97
BRDA:26,0,0,17
BRDA:26,0,1,17
BRDA:39,1,0,14
BRDA:39,1,1,14
BRDA:39,1,2,12
BRDA:59,2,0,4
BRDA:59,2,1,4
BRDA:127,3,0,70
BRDA:127,3,1,70
BRDA:137,4,0,21
BRDA:137,4,1,15
BRDA:145,5,0,3
BRDA:145,5,1,18
BRDA:145,6,0,21
BRDA:145,6,1,6
BRDA:149,7,0,11
BRDA:149,7,1,7
BRDA:152,8,0,10
BRDA:152,8,1,8
BRDA:152,9,0,18
BRDA:152,9,1,10
BRDA:153,10,0,10
BRDA:153,10,1,8
BRDA:157,11,0,0
BRDA:157,11,1,18
BRDA:176,12,0,41
BRDA:176,12,1,41
BRDA:185,13,0,22
BRDA:185,13,1,2
BRDA:199,14,0,0
BRDA:199,14,1,0
BRDA:222,15,0,49
BRDA:222,15,1,49
BRDA:227,16,0,8
BRDA:227,16,1,6
BRDA:231,17,0,2
BRDA:231,17,1,6
BRDA:242,18,0,4
BRDA:242,18,1,2
BRF:39
BRH:36
end_of_record
TN:
SF:/Users/Guoda/Documents/Alexa - Things To Do/lib/helpers.js
FN:16,(anonymous_0)
FN:32,(anonymous_1)
FN:48,sendEmail
FN:72,(anonymous_3)
FN:84,parseItineraryEmail
FN:95,(anonymous_5)
FNF:6
FNH:6
FNDA:18,(anonymous_0)
FNDA:360,(anonymous_1)
FNDA:4,sendEmail
FNDA:1,(anonymous_3)
FNDA:4,parseItineraryEmail
FNDA:18,(anonymous_5)
DA:7,5
DA:8,5
DA:9,5
DA:11,5
DA:12,5
DA:13,5
DA:14,5
DA:16,5
DA:17,18
DA:18,18
DA:19,18
DA:20,18
DA:21,18
DA:25,18
DA:26,18
DA:27,18
DA:28,18
DA:29,18
DA:30,0
DA:32,18
DA:33,360
DA:34,319
DA:35,315
DA:37,18
DA:40,0
DA:49,4
DA:50,4
DA:51,4
DA:62,4
DA:72,4
DA:73,1
DA:77,0
DA:87,4
DA:88,4
DA:89,4
DA:90,4
DA:91,4
DA:93,4
DA:95,4
DA:96,18
DA:97,18
DA:98,18
DA:99,18
DA:100,18
DA:101,18
DA:102,18
DA:103,18
DA:106,4
DA:107,4
DA:108,4
DA:109,4
DA:112,5
LF:52
LH:49
BRDA:21,0,0,0
BRDA:21,0,1,18
BRDA:28,1,0,18
BRDA:28,1,1,0
BRDA:29,2,0,0
BRDA:29,2,1,18
BRDA:33,3,0,319
BRDA:33,3,1,41
BRDA:34,4,0,315
BRDA:34,4,1,4
BRDA:73,5,0,0
BRDA:73,5,1,1
BRDA:98,6,0,18
BRDA:98,6,1,0
BRDA:100,7,0,18
BRDA:100,7,1,0
BRDA:101,8,0,6
BRDA:101,8,1,12
BRF:18
BRH:12
end_of_record
TN:
SF:/Users/Guoda/Documents/Alexa - Things To Do/lib/interceptors.js
FN:15,(anonymous_0)
FN:22,(anonymous_1)
FN:32,(anonymous_2)
FN:41,(anonymous_3)
FN:58,(anonymous_4)
FNF:5
FNH:3
FNDA:0,(anonymous_0)
FNDA:0,(anonymous_1)
FNDA:75,(anonymous_2)
FNDA:210,(anonymous_3)
FNDA:210,(anonymous_4)
DA:1,5
DA:3,5
DA:4,5
DA:5,5
DA:13,5
DA:16,0
DA:20,5
DA:23,0
DA:27,5
DA:33,75
DA:41,75
DA:42,210
DA:43,210
DA:45,210
DA:46,82
DA:48,210
DA:54,210
DA:57,75
DA:58,75
DA:59,210
DA:64,5
LF:21
LH:19
BRDA:54,0,0,0
BRDA:54,0,1,210
BRF:2
BRH:1
end_of_record
TN:
SF:/Users/Guoda/Documents/Alexa - Things To Do/lib/localisation.js
FNF:0
FNH:0
DA:1,5
LF:1
LH:1
BRF:0
BRH:0
end_of_record
TN:
SF:/Users/Guoda/Documents/Alexa - Things To Do/lib/logic.js
FN:1,deviceLocation
FN:20,formattedPlaces
FN:34,processPin
FN:59,(anonymous_3)
FN:75,pinExists
FN:82,permissionsResponseBuilder
FN:90,repromptResponseBuilder
FN:99,speakResponseBuilder
FN:106,speakResponseBuilderNoSession
FNF:9
FNH:9
FNDA:11,deviceLocation
FNDA:18,formattedPlaces
FNDA:22,processPin
FNDA:30,(anonymous_3)
FNDA:34,pinExists
FNDA:5,permissionsResponseBuilder
FNDA:46,repromptResponseBuilder
FNDA:10,speakResponseBuilder
FNDA:14,speakResponseBuilderNoSession
DA:4,11
DA:5,11
DA:7,11
DA:10,11
DA:11,11
DA:12,11
DA:13,0
DA:14,0
DA:16,0
DA:17,0
DA:21,18
DA:22,18
DA:23,90
DA:24,90
DA:25,0
DA:26,90
DA:27,18
DA:29,72
DA:31,18
DA:35,22
DA:36,22
DA:37,15
DA:38,40
DA:39,7
DA:40,4
DA:42,2
DA:45,2
DA:49,3
DA:52,5
DA:57,7
DA:58,7
DA:59,6
DA:60,30
DA:61,18
DA:62,18
DA:65,6
DA:68,1
DA:72,8
DA:76,34
DA:77,77
DA:78,14
DA:79,20
DA:83,5
DA:91,46
DA:100,10
DA:107,14
DA:113,5
LF:47
LH:42
BRDA:10,0,0,11
BRDA:10,0,1,0
BRDA:11,1,0,11
BRDA:11,1,1,0
BRDA:11,2,0,11
BRDA:11,2,1,11
BRDA:13,3,0,0
BRDA:13,3,1,0
BRDA:24,4,0,0
BRDA:24,4,1,90
BRDA:26,5,0,18
BRDA:26,5,1,72
BRDA:29,6,0,18
BRDA:29,6,1,54
BRDA:36,7,0,15
BRDA:36,7,1,7
BRDA:38,8,0,7
BRDA:38,8,1,33
BRDA:39,9,0,4
BRDA:39,9,1,3
BRDA:40,10,0,2
BRDA:40,10,1,2
BRDA:58,11,0,6
BRDA:58,11,1,1
BRDA:60,12,0,18
BRDA:60,12,1,12
BRDA:77,13,0,14
BRDA:77,13,1,63
BRF:28
BRH:23
end_of_record
