{
  "numFailedTestSuites": 0,
  "numFailedTests": 0,
  "numPassedTestSuites": 5,
  "numPassedTests": 57,
  "numPendingTestSuites": 0,
  "numPendingTests": 0,
  "numRuntimeErrorTestSuites": 0,
  "numTodoTests": 0,
  "numTotalTestSuites": 5,
  "numTotalTests": 57,
  "openHandles": [],
  "snapshot": {
    "added": 0,
    "didUpdate": false,
    "failure": false,
    "filesAdded": 0,
    "filesRemoved": 0,
    "filesRemovedList": [],
    "filesUnmatched": 0,
    "filesUpdated": 0,
    "matched": 0,
    "total": 0,
    "unchecked": 0,
    "uncheckedKeysByFile": [],
    "unmatched": 0,
    "updated": 0
  },
  "startTime": 1616970765273,
  "success": false,
  "testResults": [
    {
      "failureMessage": null,
      "leaks": false,
      "memoryUsage": 0,
      "numFailingTests": 0,
      "numPassingTests": 22,
      "numPendingTests": 0,
      "numTodoTests": 0,
      "skipped": false,
      "snapshot": {
        "added": 0,
        "fileDeleted": false,
        "matched": 0,
        "unchecked": 0,
        "uncheckedKeys": [],
        "unmatched": 0,
        "updated": 0
      },
      "testFilePath": "/Users/Guoda/Documents/Alexa - Things To Do/test/unit/en-GB.index.test.yml",
      "testResults": [
        {
          "ancestorTitles": [
            "Unit testing each component of ThingsToDo with permissions enabled (en-GB)",
            "1. Launch skill - location enabled"
          ],
          "duration": 894,
          "failureMessages": [],
          "location": {
            "column": 0,
            "line": 0
          },
          "numPassingAsserts": 0,
          "status": "passed",
          "title": "LaunchRequest"
        },
        {
          "ancestorTitles": [
            "Unit testing each component of ThingsToDo with permissions enabled (en-GB)",
            "2. Pin - no previous query"
          ],
          "duration": 3,
          "failureMessages": [],
          "location": {
            "column": 0,
            "line": 0
          },
          "numPassingAsserts": 0,
          "status": "passed",
          "title": "PutAPinOnItIntent location_names=hey"
        },
        {
          "ancestorTitles": [
            "Unit testing each component of ThingsToDo with permissions enabled (en-GB)",
            "3. Recommend things to do - mcdonalds problem - replace with addresses"
          ],
          "duration": 1311,
          "failureMessages": [],
          "location": {
            "column": 0,
            "line": 0
          },
          "numPassingAsserts": 0,
          "status": "passed",
          "title": "RecommendThingsToDoIntent keyword=mcdonalds"
        },
        {
          "ancestorTitles": [
            "Unit testing each component of ThingsToDo with permissions enabled (en-GB)",
            "4. Recommend things to do - without slot values - location enabled"
          ],
          "duration": 154,
          "failureMessages": [],
          "location": {
            "column": 0,
            "line": 0
          },
          "numPassingAsserts": 0,
          "status": "passed",
          "title": "RecommendThingsToDoIntent"
        },
        {
          "ancestorTitles": [
            "Unit testing each component of ThingsToDo with permissions enabled (en-GB)",
            "5. Recommend things to do - given keyword only - location enabled"
          ],
          "duration": 154,
          "failureMessages": [],
          "location": {
            "column": 0,
            "line": 0
          },
          "numPassingAsserts": 0,
          "status": "passed",
          "title": "RecommendThingsToDoIntent keyword=restaurant"
        },
        {
          "ancestorTitles": [
            "Unit testing each component of ThingsToDo with permissions enabled (en-GB)",
            "6. Recommend things to do - given location only - location enabled"
          ],
          "duration": 1319,
          "failureMessages": [],
          "location": {
            "column": 0,
            "line": 0
          },
          "numPassingAsserts": 0,
          "status": "passed",
          "title": "RecommendThingsToDoIntent location=Sydney"
        },
        {
          "ancestorTitles": [
            "Unit testing each component of ThingsToDo with permissions enabled (en-GB)",
            "7. Recommend things to do - given keyword and location - location enabled"
          ],
          "duration": 918,
          "failureMessages": [],
          "location": {
            "column": 0,
            "line": 0
          },
          "numPassingAsserts": 0,
          "status": "passed",
          "title": "RecommendThingsToDoIntent keyword=cafe location=Dublin"
        },
        {
          "ancestorTitles": [
            "Unit testing each component of ThingsToDo with permissions enabled (en-GB)",
            "8. Email itinerary - itinerary doesn't exist - email enabled"
          ],
          "duration": 4,
          "failureMessages": [],
          "location": {
            "column": 0,
            "line": 0
          },
          "numPassingAsserts": 0,
          "status": "passed",
          "title": "SendItineraryIntent"
        },
        {
          "ancestorTitles": [
            "Unit testing each component of ThingsToDo with permissions enabled (en-GB)",
            "9. Pin - previous query exists - no slot value"
          ],
          "duration": 1,
          "failureMessages": [],
          "location": {
            "column": 0,
            "line": 0
          },
          "numPassingAsserts": 0,
          "status": "passed",
          "title": "PutAPinOnItIntent"
        },
        {
          "ancestorTitles": [
            "Unit testing each component of ThingsToDo with permissions enabled (en-GB)",
            "10. Pin - previous query exists - wrong slot value"
          ],
          "duration": 0,
          "failureMessages": [],
          "location": {
            "column": 0,
            "line": 0
          },
          "numPassingAsserts": 0,
          "status": "passed",
          "title": "PutAPinOnItIntent location_names=hey"
        },
        {
          "ancestorTitles": [
            "Unit testing each component of ThingsToDo with permissions enabled (en-GB)",
            "11. Pin - previous query exists - one valid slot value of one words"
          ],
          "duration": 1,
          "failureMessages": [],
          "location": {
            "column": 0,
            "line": 0
          },
          "numPassingAsserts": 0,
          "status": "passed",
          "title": "PutAPinOnItIntent location_names=Art"
        },
        {
          "ancestorTitles": [
            "Unit testing each component of ThingsToDo with permissions enabled (en-GB)",
            "12. Pin - previous query exists - one valid slot value of one words that's already pinned"
          ],
          "duration": 1,
          "failureMessages": [],
          "location": {
            "column": 0,
            "line": 0
          },
          "numPassingAsserts": 0,
          "status": "passed",
          "title": "PutAPinOnItIntent location_names=Art"
        },
        {
          "ancestorTitles": [
            "Unit testing each component of ThingsToDo with permissions enabled (en-GB)",
            "13. Pin - previous query exists - one valid slot value of two words"
          ],
          "duration": 1,
          "failureMessages": [],
          "location": {
            "column": 0,
            "line": 0
          },
          "numPassingAsserts": 0,
          "status": "passed",
          "title": "PutAPinOnItIntent location_names=\"Art Gallery\""
        },
        {
          "ancestorTitles": [
            "Unit testing each component of ThingsToDo with permissions enabled (en-GB)",
            "14. Pin - previous query exists - one valid slot value of three words"
          ],
          "duration": 0,
          "failureMessages": [],
          "location": {
            "column": 0,
            "line": 0
          },
          "numPassingAsserts": 0,
          "status": "passed",
          "title": "PutAPinOnItIntent location_names=\"Art Gallery Dublin\""
        },
        {
          "ancestorTitles": [
            "Unit testing each component of ThingsToDo with permissions enabled (en-GB)",
            "15. Pin - previous query exists - pin all"
          ],
          "duration": 5,
          "failureMessages": [],
          "location": {
            "column": 0,
            "line": 0
          },
          "numPassingAsserts": 0,
          "status": "passed",
          "title": "PutAPinOnItIntent location_names=all"
        },
        {
          "ancestorTitles": [
            "Unit testing each component of ThingsToDo with permissions enabled (en-GB)",
            "16. Pin - previous query exists - pin everything"
          ],
          "duration": 1,
          "failureMessages": [],
          "location": {
            "column": 0,
            "line": 0
          },
          "numPassingAsserts": 0,
          "status": "passed",
          "title": "PutAPinOnItIntent location_names=everything"
        },
        {
          "ancestorTitles": [
            "Unit testing each component of ThingsToDo with permissions enabled (en-GB)",
            "17. Email itinerary - itinerary exists - email enabled"
          ],
          "duration": 9,
          "failureMessages": [],
          "location": {
            "column": 0,
            "line": 0
          },
          "numPassingAsserts": 0,
          "status": "passed",
          "title": "SendItineraryIntent"
        },
        {
          "ancestorTitles": [
            "Unit testing each component of ThingsToDo with permissions enabled (en-GB)",
            "18. Help"
          ],
          "duration": 1,
          "failureMessages": [],
          "location": {
            "column": 0,
            "line": 0
          },
          "numPassingAsserts": 0,
          "status": "passed",
          "title": "AMAZON.HelpIntent"
        },
        {
          "ancestorTitles": [
            "Unit testing each component of ThingsToDo with permissions enabled (en-GB)",
            "19. Cancel"
          ],
          "duration": 0,
          "failureMessages": [],
          "location": {
            "column": 0,
            "line": 0
          },
          "numPassingAsserts": 0,
          "status": "passed",
          "title": "AMAZON.CancelIntent"
        },
        {
          "ancestorTitles": [
            "Unit testing each component of ThingsToDo with permissions enabled (en-GB)",
            "20. Stop"
          ],
          "duration": 0,
          "failureMessages": [],
          "location": {
            "column": 0,
            "line": 0
          },
          "numPassingAsserts": 0,
          "status": "passed",
          "title": "AMAZON.StopIntent"
        },
        {
          "ancestorTitles": [
            "Unit testing each component of ThingsToDo with permissions enabled (en-GB)",
            "21. Navigate Home"
          ],
          "duration": 0,
          "failureMessages": [],
          "location": {
            "column": 0,
            "line": 0
          },
          "numPassingAsserts": 0,
          "status": "passed",
          "title": "AMAZON.NavigateHomeIntent"
        },
        {
          "ancestorTitles": [
            "Unit testing each component of ThingsToDo with permissions enabled (en-GB)",
            "22. Fallback"
          ],
          "duration": 1,
          "failureMessages": [],
          "location": {
            "column": 0,
            "line": 0
          },
          "numPassingAsserts": 0,
          "status": "passed",
          "title": "AMAZON.FallbackIntent"
        }
      ],
      "perfStats": {
        "end": 1616970771348,
        "start": 1616970765785
      }
    },
    {
      "failureMessage": null,
      "leaks": false,
      "memoryUsage": 0,
      "numFailingTests": 0,
      "numPassingTests": 1,
      "numPendingTests": 0,
      "numTodoTests": 0,
      "skipped": false,
      "snapshot": {
        "added": 0,
        "fileDeleted": false,
        "matched": 0,
        "unchecked": 0,
        "uncheckedKeys": [],
        "unmatched": 0,
        "updated": 0
      },
      "testFilePath": "/Users/Guoda/Documents/Alexa - Things To Do/test/e2e/permissions-disabled.e2e.yml",
      "testResults": [
        {
          "ancestorTitles": [
            "E2e testing of disabled permissions (en-GB)",
            "7. Test full workflow with disabled permissions"
          ],
          "duration": 18,
          "failureMessages": [],
          "location": {
            "column": 0,
            "line": 0
          },
          "numPassingAsserts": 0,
          "status": "passed",
          "title": "ask activity finder to recommend something locally"
        },
        {
          "ancestorTitles": [
            "E2e testing of disabled permissions (en-GB)",
            "7. Test full workflow with disabled permissions"
          ],
          "duration": 1,
          "failureMessages": [],
          "location": {
            "column": 0,
            "line": 0
          },
          "numPassingAsserts": 0,
          "status": "passed",
          "title": "ask activity finder to pin everything"
        },
        {
          "ancestorTitles": [
            "E2e testing of disabled permissions (en-GB)",
            "7. Test full workflow with disabled permissions"
          ],
          "duration": 1,
          "failureMessages": [],
          "location": {
            "column": 0,
            "line": 0
          },
          "numPassingAsserts": 0,
          "status": "passed",
          "title": "ask activity finder to email me"
        },
        {
          "ancestorTitles": [
            "E2e testing of disabled permissions (en-GB)",
            "7. Test full workflow with disabled permissions"
          ],
          "duration": 1453,
          "failureMessages": [],
          "location": {
            "column": 0,
            "line": 0
          },
          "numPassingAsserts": 0,
          "status": "passed",
          "title": "ask activity finder to recommend something in New York"
        },
        {
          "ancestorTitles": [
            "E2e testing of disabled permissions (en-GB)",
            "7. Test full workflow with disabled permissions"
          ],
          "duration": 1,
          "failureMessages": [],
          "location": {
            "column": 0,
            "line": 0
          },
          "numPassingAsserts": 0,
          "status": "passed",
          "title": "stop"
        }
      ],
      "perfStats": {
        "end": 1616970773057,
        "start": 1616970771420
      }
    },
    {
      "failureMessage": null,
      "leaks": false,
      "memoryUsage": 0,
      "numFailingTests": 0,
      "numPassingTests": 6,
      "numPendingTests": 0,
      "numTodoTests": 0,
      "skipped": false,
      "snapshot": {
        "added": 0,
        "fileDeleted": false,
        "matched": 0,
        "unchecked": 0,
        "uncheckedKeys": [],
        "unmatched": 0,
        "updated": 0
      },
      "testFilePath": "/Users/Guoda/Documents/Alexa - Things To Do/test/e2e/index.e2e.yml",
      "testResults": [
        {
          "ancestorTitles": [
            "E2E testing of full workflows (en-GB)",
            "1. Test without pinning or emailing"
          ],
          "duration": 1502,
          "failureMessages": [],
          "location": {
            "column": 0,
            "line": 0
          },
          "numPassingAsserts": 0,
          "status": "passed",
          "title": "recommend a restaurant"
        },
        {
          "ancestorTitles": [
            "E2E testing of full workflows (en-GB)",
            "1. Test without pinning or emailing"
          ],
          "duration": 1,
          "failureMessages": [],
          "location": {
            "column": 0,
            "line": 0
          },
          "numPassingAsserts": 0,
          "status": "passed",
          "title": "stop"
        },
        {
          "ancestorTitles": [
            "E2E testing of full workflows (en-GB)",
            "2. Test where location and keyword is used and no pinning or emailing"
          ],
          "duration": 1117,
          "failureMessages": [],
          "location": {
            "column": 0,
            "line": 0
          },
          "numPassingAsserts": 0,
          "status": "passed",
          "title": "recommend a cafe"
        },
        {
          "ancestorTitles": [
            "E2E testing of full workflows (en-GB)",
            "2. Test where location and keyword is used and no pinning or emailing"
          ],
          "duration": 2,
          "failureMessages": [],
          "location": {
            "column": 0,
            "line": 0
          },
          "numPassingAsserts": 0,
          "status": "passed",
          "title": "stop"
        },
        {
          "ancestorTitles": [
            "E2E testing of full workflows (en-GB)",
            "3. Test where all locations are pinned and emailed"
          ],
          "duration": 1431,
          "failureMessages": [],
          "location": {
            "column": 0,
            "line": 0
          },
          "numPassingAsserts": 0,
          "status": "passed",
          "title": "recommend activity"
        },
        {
          "ancestorTitles": [
            "E2E testing of full workflows (en-GB)",
            "3. Test where all locations are pinned and emailed"
          ],
          "duration": 1,
          "failureMessages": [],
          "location": {
            "column": 0,
            "line": 0
          },
          "numPassingAsserts": 0,
          "status": "passed",
          "title": "pin all"
        },
        {
          "ancestorTitles": [
            "E2E testing of full workflows (en-GB)",
            "3. Test where all locations are pinned and emailed"
          ],
          "duration": 1,
          "failureMessages": [],
          "location": {
            "column": 0,
            "line": 0
          },
          "numPassingAsserts": 0,
          "status": "passed",
          "title": "stop"
        },
        {
          "ancestorTitles": [
            "E2E testing of full workflows (en-GB)",
            "4. Test where 3 locations are pinned and emailed"
          ],
          "duration": 170,
          "failureMessages": [],
          "location": {
            "column": 0,
            "line": 0
          },
          "numPassingAsserts": 0,
          "status": "passed",
          "title": "recommend activity"
        },
        {
          "ancestorTitles": [
            "E2E testing of full workflows (en-GB)",
            "4. Test where 3 locations are pinned and emailed"
          ],
          "duration": 1,
          "failureMessages": [],
          "location": {
            "column": 0,
            "line": 0
          },
          "numPassingAsserts": 0,
          "status": "passed",
          "title": "pin National Mall"
        },
        {
          "ancestorTitles": [
            "E2E testing of full workflows (en-GB)",
            "4. Test where 3 locations are pinned and emailed"
          ],
          "duration": 1,
          "failureMessages": [],
          "location": {
            "column": 0,
            "line": 0
          },
          "numPassingAsserts": 0,
          "status": "passed",
          "title": "pin Washington Monument"
        },
        {
          "ancestorTitles": [
            "E2E testing of full workflows (en-GB)",
            "4. Test where 3 locations are pinned and emailed"
          ],
          "duration": 1,
          "failureMessages": [],
          "location": {
            "column": 0,
            "line": 0
          },
          "numPassingAsserts": 0,
          "status": "passed",
          "title": "pin World"
        },
        {
          "ancestorTitles": [
            "E2E testing of full workflows (en-GB)",
            "4. Test where 3 locations are pinned and emailed"
          ],
          "duration": 4,
          "failureMessages": [],
          "location": {
            "column": 0,
            "line": 0
          },
          "numPassingAsserts": 0,
          "status": "passed",
          "title": "send me the itinerary"
        },
        {
          "ancestorTitles": [
            "E2E testing of full workflows (en-GB)",
            "4. Test where 3 locations are pinned and emailed"
          ],
          "duration": 1,
          "failureMessages": [],
          "location": {
            "column": 0,
            "line": 0
          },
          "numPassingAsserts": 0,
          "status": "passed",
          "title": "stop"
        },
        {
          "ancestorTitles": [
            "E2E testing of full workflows (en-GB)",
            "5. Launch skill and ask for help"
          ],
          "duration": 0,
          "failureMessages": [],
          "location": {
            "column": 0,
            "line": 0
          },
          "numPassingAsserts": 0,
          "status": "passed",
          "title": "open Activity Finder"
        },
        {
          "ancestorTitles": [
            "E2E testing of full workflows (en-GB)",
            "5. Launch skill and ask for help"
          ],
          "duration": 0,
          "failureMessages": [],
          "location": {
            "column": 0,
            "line": 0
          },
          "numPassingAsserts": 0,
          "status": "passed",
          "title": "help"
        },
        {
          "ancestorTitles": [
            "E2E testing of full workflows (en-GB)",
            "5. Launch skill and ask for help"
          ],
          "duration": 1,
          "failureMessages": [],
          "location": {
            "column": 0,
            "line": 0
          },
          "numPassingAsserts": 0,
          "status": "passed",
          "title": "stop"
        },
        {
          "ancestorTitles": [
            "E2E testing of full workflows (en-GB)",
            "6. Test all locations are forwarded to the email address with correct reprompts"
          ],
          "duration": 1,
          "failureMessages": [],
          "location": {
            "column": 0,
            "line": 0
          },
          "numPassingAsserts": 0,
          "status": "passed",
          "title": "open Activity Finder"
        },
        {
          "ancestorTitles": [
            "E2E testing of full workflows (en-GB)",
            "6. Test all locations are forwarded to the email address with correct reprompts"
          ],
          "duration": 1139,
          "failureMessages": [],
          "location": {
            "column": 0,
            "line": 0
          },
          "numPassingAsserts": 0,
          "status": "passed",
          "title": "recommend a local restaurant"
        },
        {
          "ancestorTitles": [
            "E2E testing of full workflows (en-GB)",
            "6. Test all locations are forwarded to the email address with correct reprompts"
          ],
          "duration": 2,
          "failureMessages": [],
          "location": {
            "column": 0,
            "line": 0
          },
          "numPassingAsserts": 0,
          "status": "passed",
          "title": "pin everything"
        },
        {
          "ancestorTitles": [
            "E2E testing of full workflows (en-GB)",
            "6. Test all locations are forwarded to the email address with correct reprompts"
          ],
          "duration": 10,
          "failureMessages": [],
          "location": {
            "column": 0,
            "line": 0
          },
          "numPassingAsserts": 0,
          "status": "passed",
          "title": "email"
        }
      ],
      "perfStats": {
        "end": 1616970778697,
        "start": 1616970773138
      }
    },
    {
      "failureMessage": null,
      "leaks": false,
      "memoryUsage": 0,
      "numFailingTests": 0,
      "numPassingTests": 22,
      "numPendingTests": 0,
      "numTodoTests": 0,
      "skipped": false,
      "snapshot": {
        "added": 0,
        "fileDeleted": false,
        "matched": 0,
        "unchecked": 0,
        "uncheckedKeys": [],
        "unmatched": 0,
        "updated": 0
      },
      "testFilePath": "/Users/Guoda/Documents/Alexa - Things To Do/test/unit/fr-FR.index.test.yml",
      "testResults": [
        {
          "ancestorTitles": [
            "Unit testing each component of ThingsToDo with permissions enabled (fr-FR)",
            "1. Launch skill - location enabled"
          ],
          "duration": 20,
          "failureMessages": [],
          "location": {
            "column": 0,
            "line": 0
          },
          "numPassingAsserts": 0,
          "status": "passed",
          "title": "LaunchRequest"
        },
        {
          "ancestorTitles": [
            "Unit testing each component of ThingsToDo with permissions enabled (fr-FR)",
            "2. Pin - no previous query"
          ],
          "duration": 1,
          "failureMessages": [],
          "location": {
            "column": 0,
            "line": 0
          },
          "numPassingAsserts": 0,
          "status": "passed",
          "title": "PutAPinOnItIntent location_names=hey"
        },
        {
          "ancestorTitles": [
            "Unit testing each component of ThingsToDo with permissions enabled (fr-FR)",
            "3. Recommend things to do - mcdonalds problem - replace with addresses"
          ],
          "duration": 188,
          "failureMessages": [],
          "location": {
            "column": 0,
            "line": 0
          },
          "numPassingAsserts": 0,
          "status": "passed",
          "title": "RecommendThingsToDoIntent keyword=mcdonalds"
        },
        {
          "ancestorTitles": [
            "Unit testing each component of ThingsToDo with permissions enabled (fr-FR)",
            "4. Recommend things to do - without slot values - location enabled"
          ],
          "duration": 165,
          "failureMessages": [],
          "location": {
            "column": 0,
            "line": 0
          },
          "numPassingAsserts": 0,
          "status": "passed",
          "title": "RecommendThingsToDoIntent"
        },
        {
          "ancestorTitles": [
            "Unit testing each component of ThingsToDo with permissions enabled (fr-FR)",
            "5. Recommend things to do - given keyword only - location enabled"
          ],
          "duration": 194,
          "failureMessages": [],
          "location": {
            "column": 0,
            "line": 0
          },
          "numPassingAsserts": 0,
          "status": "passed",
          "title": "RecommendThingsToDoIntent keyword=restaurant"
        },
        {
          "ancestorTitles": [
            "Unit testing each component of ThingsToDo with permissions enabled (fr-FR)",
            "6. Recommend things to do - given location only - location enabled"
          ],
          "duration": 141,
          "failureMessages": [],
          "location": {
            "column": 0,
            "line": 0
          },
          "numPassingAsserts": 0,
          "status": "passed",
          "title": "RecommendThingsToDoIntent location=Sydney"
        },
        {
          "ancestorTitles": [
            "Unit testing each component of ThingsToDo with permissions enabled (fr-FR)",
            "7. Recommend things to do - given keyword and location - location enabled"
          ],
          "duration": 164,
          "failureMessages": [],
          "location": {
            "column": 0,
            "line": 0
          },
          "numPassingAsserts": 0,
          "status": "passed",
          "title": "RecommendThingsToDoIntent keyword=cafe location=Dublin"
        },
        {
          "ancestorTitles": [
            "Unit testing each component of ThingsToDo with permissions enabled (fr-FR)",
            "8. Email itinerary - itinerary doesn't exist - email enabled"
          ],
          "duration": 3,
          "failureMessages": [],
          "location": {
            "column": 0,
            "line": 0
          },
          "numPassingAsserts": 0,
          "status": "passed",
          "title": "SendItineraryIntent"
        },
        {
          "ancestorTitles": [
            "Unit testing each component of ThingsToDo with permissions enabled (fr-FR)",
            "9. Pin - previous query exists - no slot value"
          ],
          "duration": 1,
          "failureMessages": [],
          "location": {
            "column": 0,
            "line": 0
          },
          "numPassingAsserts": 0,
          "status": "passed",
          "title": "PutAPinOnItIntent"
        },
        {
          "ancestorTitles": [
            "Unit testing each component of ThingsToDo with permissions enabled (fr-FR)",
            "10. Pin - previous query exists - wrong slot value"
          ],
          "duration": 1,
          "failureMessages": [],
          "location": {
            "column": 0,
            "line": 0
          },
          "numPassingAsserts": 0,
          "status": "passed",
          "title": "PutAPinOnItIntent location_names=hey"
        },
        {
          "ancestorTitles": [
            "Unit testing each component of ThingsToDo with permissions enabled (fr-FR)",
            "11. Pin - previous query exists - one valid slot value of one words"
          ],
          "duration": 1,
          "failureMessages": [],
          "location": {
            "column": 0,
            "line": 0
          },
          "numPassingAsserts": 0,
          "status": "passed",
          "title": "PutAPinOnItIntent location_names=Art"
        },
        {
          "ancestorTitles": [
            "Unit testing each component of ThingsToDo with permissions enabled (fr-FR)",
            "12. Pin - previous query exists - one valid slot value of one words that's already pinned"
          ],
          "duration": 1,
          "failureMessages": [],
          "location": {
            "column": 0,
            "line": 0
          },
          "numPassingAsserts": 0,
          "status": "passed",
          "title": "PutAPinOnItIntent location_names=Art"
        },
        {
          "ancestorTitles": [
            "Unit testing each component of ThingsToDo with permissions enabled (fr-FR)",
            "13. Pin - previous query exists - one valid slot value of two words"
          ],
          "duration": 1,
          "failureMessages": [],
          "location": {
            "column": 0,
            "line": 0
          },
          "numPassingAsserts": 0,
          "status": "passed",
          "title": "PutAPinOnItIntent location_names=\"Art Gallery\""
        },
        {
          "ancestorTitles": [
            "Unit testing each component of ThingsToDo with permissions enabled (fr-FR)",
            "14. Pin - previous query exists - one valid slot value of three words"
          ],
          "duration": 1,
          "failureMessages": [],
          "location": {
            "column": 0,
            "line": 0
          },
          "numPassingAsserts": 0,
          "status": "passed",
          "title": "PutAPinOnItIntent location_names=\"Art Gallery Dublin\""
        },
        {
          "ancestorTitles": [
            "Unit testing each component of ThingsToDo with permissions enabled (fr-FR)",
            "15. Pin - previous query exists - pin all"
          ],
          "duration": 1,
          "failureMessages": [],
          "location": {
            "column": 0,
            "line": 0
          },
          "numPassingAsserts": 0,
          "status": "passed",
          "title": "PutAPinOnItIntent location_names=all"
        },
        {
          "ancestorTitles": [
            "Unit testing each component of ThingsToDo with permissions enabled (fr-FR)",
            "16. Pin - previous query exists - pin everything"
          ],
          "duration": 1,
          "failureMessages": [],
          "location": {
            "column": 0,
            "line": 0
          },
          "numPassingAsserts": 0,
          "status": "passed",
          "title": "PutAPinOnItIntent location_names=everything"
        },
        {
          "ancestorTitles": [
            "Unit testing each component of ThingsToDo with permissions enabled (fr-FR)",
            "17. Email itinerary - itinerary exists - email enabled"
          ],
          "duration": 4,
          "failureMessages": [],
          "location": {
            "column": 0,
            "line": 0
          },
          "numPassingAsserts": 0,
          "status": "passed",
          "title": "SendItineraryIntent"
        },
        {
          "ancestorTitles": [
            "Unit testing each component of ThingsToDo with permissions enabled (fr-FR)",
            "18. Help"
          ],
          "duration": 0,
          "failureMessages": [],
          "location": {
            "column": 0,
            "line": 0
          },
          "numPassingAsserts": 0,
          "status": "passed",
          "title": "AMAZON.HelpIntent"
        },
        {
          "ancestorTitles": [
            "Unit testing each component of ThingsToDo with permissions enabled (fr-FR)",
            "19. Cancel"
          ],
          "duration": 1,
          "failureMessages": [],
          "location": {
            "column": 0,
            "line": 0
          },
          "numPassingAsserts": 0,
          "status": "passed",
          "title": "AMAZON.CancelIntent"
        },
        {
          "ancestorTitles": [
            "Unit testing each component of ThingsToDo with permissions enabled (fr-FR)",
            "20. Stop"
          ],
          "duration": 0,
          "failureMessages": [],
          "location": {
            "column": 0,
            "line": 0
          },
          "numPassingAsserts": 0,
          "status": "passed",
          "title": "AMAZON.StopIntent"
        },
        {
          "ancestorTitles": [
            "Unit testing each component of ThingsToDo with permissions enabled (fr-FR)",
            "21. Navigate Home"
          ],
          "duration": 0,
          "failureMessages": [],
          "location": {
            "column": 0,
            "line": 0
          },
          "numPassingAsserts": 0,
          "status": "passed",
          "title": "AMAZON.NavigateHomeIntent"
        },
        {
          "ancestorTitles": [
            "Unit testing each component of ThingsToDo with permissions enabled (fr-FR)",
            "22. Fallback"
          ],
          "duration": 0,
          "failureMessages": [],
          "location": {
            "column": 0,
            "line": 0
          },
          "numPassingAsserts": 0,
          "status": "passed",
          "title": "AMAZON.FallbackIntent"
        }
      ],
      "perfStats": {
        "end": 1616970779834,
        "start": 1616970778776
      }
    },
    {
      "failureMessage": null,
      "leaks": false,
      "memoryUsage": 0,
      "numFailingTests": 0,
      "numPassingTests": 6,
      "numPendingTests": 0,
      "numTodoTests": 0,
      "skipped": false,
      "snapshot": {
        "added": 0,
        "fileDeleted": false,
        "matched": 0,
        "unchecked": 0,
        "uncheckedKeys": [],
        "unmatched": 0,
        "updated": 0
      },
      "testFilePath": "/Users/Guoda/Documents/Alexa - Things To Do/test/unit/permissions-disabled.test.yml",
      "testResults": [
        {
          "ancestorTitles": [
            "Unit testing each component of ThingsToDo with permissions disabled (en-GB)",
            "23. Launch skill - location disabled"
          ],
          "duration": 20,
          "failureMessages": [],
          "location": {
            "column": 0,
            "line": 0
          },
          "numPassingAsserts": 0,
          "status": "passed",
          "title": "LaunchRequest"
        },
        {
          "ancestorTitles": [
            "Unit testing each component of ThingsToDo with permissions disabled (en-GB)",
            "24. Recommend things to do - without slot values - location disabled"
          ],
          "duration": 1,
          "failureMessages": [],
          "location": {
            "column": 0,
            "line": 0
          },
          "numPassingAsserts": 0,
          "status": "passed",
          "title": "RecommendThingsToDoIntent"
        },
        {
          "ancestorTitles": [
            "Unit testing each component of ThingsToDo with permissions disabled (en-GB)",
            "25. Recommend things to do - given keyword only - location disabled"
          ],
          "duration": 1,
          "failureMessages": [],
          "location": {
            "column": 0,
            "line": 0
          },
          "numPassingAsserts": 0,
          "status": "passed",
          "title": "RecommendThingsToDoIntent keyword=restaurant"
        },
        {
          "ancestorTitles": [
            "Unit testing each component of ThingsToDo with permissions disabled (en-GB)",
            "26. Recommend things to do - given location only - location disabled"
          ],
          "duration": 274,
          "failureMessages": [],
          "location": {
            "column": 0,
            "line": 0
          },
          "numPassingAsserts": 0,
          "status": "passed",
          "title": "RecommendThingsToDoIntent location=Sydney"
        },
        {
          "ancestorTitles": [
            "Unit testing each component of ThingsToDo with permissions disabled (en-GB)",
            "27. Recommend things to do - given keyword and location - location disabled"
          ],
          "duration": 147,
          "failureMessages": [],
          "location": {
            "column": 0,
            "line": 0
          },
          "numPassingAsserts": 0,
          "status": "passed",
          "title": "RecommendThingsToDoIntent keyword=cafe location=Dublin"
        },
        {
          "ancestorTitles": [
            "Unit testing each component of ThingsToDo with permissions disabled (en-GB)",
            "28. Email itinerary - itinerary exists - email disabled"
          ],
          "duration": 1,
          "failureMessages": [],
          "location": {
            "column": 0,
            "line": 0
          },
          "numPassingAsserts": 0,
          "status": "passed",
          "title": "SendItineraryIntent"
        }
      ],
      "perfStats": {
        "end": 1616970780514,
        "start": 1616970779910
      }
    }
  ],
  "wasInterrupted": false,
  "coverageMap": {
    "/Users/Guoda/Documents/Alexa - Things To Do/index.js": {
      "path": "/Users/Guoda/Documents/Alexa - Things To Do/index.js",
      "statementMap": {
        "0": {
          "start": {
            "line": 1,
            "column": 14
          },
          "end": {
            "line": 1,
            "column": 37
          }
        },
        "1": {
          "start": {
            "line": 2,
            "column": 21
          },
          "end": {
            "line": 2,
            "column": 50
          }
        },
        "2": {
          "start": {
            "line": 3,
            "column": 17
          },
          "end": {
            "line": 3,
            "column": 42
          }
        },
        "3": {
          "start": {
            "line": 10,
            "column": 0
          },
          "end": {
            "line": 32,
            "column": 14
          }
        }
      },
      "fnMap": {},
      "branchMap": {},
      "s": {
        "0": 5,
        "1": 5,
        "2": 5,
        "3": 5
      },
      "f": {},
      "b": {},
      "_coverageSchema": "43e27e138ebf9cfc5966b082cf9a028302ed4184",
      "hash": "14debc2f5e4380f0f983c6197dc1ec8c10f380df"
    },
    "/Users/Guoda/Documents/Alexa - Things To Do/lib/interceptors.js": {
      "path": "/Users/Guoda/Documents/Alexa - Things To Do/lib/interceptors.js",
      "statementMap": {
        "0": {
          "start": {
            "line": 1,
            "column": 14
          },
          "end": {
            "line": 1,
            "column": 37
          }
        },
        "1": {
          "start": {
            "line": 3,
            "column": 13
          },
          "end": {
            "line": 3,
            "column": 31
          }
        },
        "2": {
          "start": {
            "line": 4,
            "column": 16
          },
          "end": {
            "line": 4,
            "column": 56
          }
        },
        "3": {
          "start": {
            "line": 5,
            "column": 24
          },
          "end": {
            "line": 5,
            "column": 49
          }
        },
        "4": {
          "start": {
            "line": 13,
            "column": 34
          },
          "end": {
            "line": 18,
            "column": 1
          }
        },
        "5": {
          "start": {
            "line": 16,
            "column": 8
          },
          "end": {
            "line": 16,
            "column": 89
          }
        },
        "6": {
          "start": {
            "line": 20,
            "column": 35
          },
          "end": {
            "line": 25,
            "column": 1
          }
        },
        "7": {
          "start": {
            "line": 23,
            "column": 8
          },
          "end": {
            "line": 23,
            "column": 70
          }
        },
        "8": {
          "start": {
            "line": 27,
            "column": 39
          },
          "end": {
            "line": 62,
            "column": 1
          }
        },
        "9": {
          "start": {
            "line": 33,
            "column": 35
          },
          "end": {
            "line": 39,
            "column": 10
          }
        },
        "10": {
          "start": {
            "line": 41,
            "column": 8
          },
          "end": {
            "line": 55,
            "column": 9
          }
        },
        "11": {
          "start": {
            "line": 42,
            "column": 25
          },
          "end": {
            "line": 42,
            "column": 34
          }
        },
        "12": {
          "start": {
            "line": 43,
            "column": 25
          },
          "end": {
            "line": 43,
            "column": 27
          }
        },
        "13": {
          "start": {
            "line": 45,
            "column": 12
          },
          "end": {
            "line": 46,
            "column": 37
          }
        },
        "14": {
          "start": {
            "line": 45,
            "column": 25
          },
          "end": {
            "line": 45,
            "column": 26
          }
        },
        "15": {
          "start": {
            "line": 46,
            "column": 16
          },
          "end": {
            "line": 46,
            "column": 37
          }
        },
        "16": {
          "start": {
            "line": 48,
            "column": 26
          },
          "end": {
            "line": 52,
            "column": 14
          }
        },
        "17": {
          "start": {
            "line": 54,
            "column": 12
          },
          "end": {
            "line": 54,
            "column": 100
          }
        },
        "18": {
          "start": {
            "line": 57,
            "column": 27
          },
          "end": {
            "line": 57,
            "column": 80
          }
        },
        "19": {
          "start": {
            "line": 58,
            "column": 8
          },
          "end": {
            "line": 60,
            "column": 10
          }
        },
        "20": {
          "start": {
            "line": 59,
            "column": 12
          },
          "end": {
            "line": 59,
            "column": 56
          }
        },
        "21": {
          "start": {
            "line": 64,
            "column": 0
          },
          "end": {
            "line": 68,
            "column": 1
          }
        }
      },
      "fnMap": {
        "0": {
          "name": "(anonymous_0)",
          "decl": {
            "start": {
              "line": 15,
              "column": 4
            },
            "end": {
              "line": 15,
              "column": 5
            }
          },
          "loc": {
            "start": {
              "line": 15,
              "column": 26
            },
            "end": {
              "line": 17,
              "column": 5
            }
          },
          "line": 15
        },
        "1": {
          "name": "(anonymous_1)",
          "decl": {
            "start": {
              "line": 22,
              "column": 4
            },
            "end": {
              "line": 22,
              "column": 5
            }
          },
          "loc": {
            "start": {
              "line": 22,
              "column": 36
            },
            "end": {
              "line": 24,
              "column": 5
            }
          },
          "line": 22
        },
        "2": {
          "name": "(anonymous_2)",
          "decl": {
            "start": {
              "line": 32,
              "column": 4
            },
            "end": {
              "line": 32,
              "column": 5
            }
          },
          "loc": {
            "start": {
              "line": 32,
              "column": 26
            },
            "end": {
              "line": 61,
              "column": 5
            }
          },
          "line": 32
        },
        "3": {
          "name": "(anonymous_3)",
          "decl": {
            "start": {
              "line": 41,
              "column": 38
            },
            "end": {
              "line": 41,
              "column": 39
            }
          },
          "loc": {
            "start": {
              "line": 41,
              "column": 50
            },
            "end": {
              "line": 55,
              "column": 9
            }
          },
          "line": 41
        },
        "4": {
          "name": "(anonymous_4)",
          "decl": {
            "start": {
              "line": 58,
              "column": 23
            },
            "end": {
              "line": 58,
              "column": 24
            }
          },
          "loc": {
            "start": {
              "line": 58,
              "column": 42
            },
            "end": {
              "line": 60,
              "column": 9
            }
          },
          "line": 58
        }
      },
      "branchMap": {
        "0": {
          "loc": {
            "start": {
              "line": 54,
              "column": 20
            },
            "end": {
              "line": 54,
              "column": 98
            }
          },
          "type": "cond-expr",
          "locations": [
            {
              "start": {
                "line": 54,
                "column": 43
              },
              "end": {
                "line": 54,
                "column": 90
              }
            },
            {
              "start": {
                "line": 54,
                "column": 93
              },
              "end": {
                "line": 54,
                "column": 98
              }
            }
          ],
          "line": 54
        }
      },
      "s": {
        "0": 5,
        "1": 5,
        "2": 5,
        "3": 5,
        "4": 5,
        "5": 0,
        "6": 5,
        "7": 0,
        "8": 5,
        "9": 75,
        "10": 75,
        "11": 210,
        "12": 210,
        "13": 210,
        "14": 210,
        "15": 82,
        "16": 210,
        "17": 210,
        "18": 75,
        "19": 75,
        "20": 210,
        "21": 5
      },
      "f": {
        "0": 0,
        "1": 0,
        "2": 75,
        "3": 210,
        "4": 210
      },
      "b": {
        "0": [
          0,
          210
        ]
      },
      "_coverageSchema": "43e27e138ebf9cfc5966b082cf9a028302ed4184",
      "hash": "975ef798e8182c1597f3fe21c90592b129324d10"
    },
    "/Users/Guoda/Documents/Alexa - Things To Do/lib/localisation.js": {
      "path": "/Users/Guoda/Documents/Alexa - Things To Do/lib/localisation.js",
      "statementMap": {
        "0": {
          "start": {
            "line": 1,
            "column": 0
          },
          "end": {
            "line": 72,
            "column": 1
          }
        }
      },
      "fnMap": {},
      "branchMap": {},
      "s": {
        "0": 5
      },
      "f": {},
      "b": {},
      "_coverageSchema": "43e27e138ebf9cfc5966b082cf9a028302ed4184",
      "hash": "545d78551cfc863744f1f36d7331ea75f297b28c"
    },
    "/Users/Guoda/Documents/Alexa - Things To Do/lib/handlers.js": {
      "path": "/Users/Guoda/Documents/Alexa - Things To Do/lib/handlers.js",
      "statementMap": {
        "0": {
          "start": {
            "line": 1,
            "column": 14
          },
          "end": {
            "line": 1,
            "column": 37
          }
        },
        "1": {
          "start": {
            "line": 2,
            "column": 16
          },
          "end": {
            "line": 2,
            "column": 36
          }
        },
        "2": {
          "start": {
            "line": 3,
            "column": 14
          },
          "end": {
            "line": 3,
            "column": 32
          }
        },
        "3": {
          "start": {
            "line": 6,
            "column": 13
          },
          "end": {
            "line": 6,
            "column": 15
          }
        },
        "4": {
          "start": {
            "line": 8,
            "column": 13
          },
          "end": {
            "line": 8,
            "column": 15
          }
        },
        "5": {
          "start": {
            "line": 10,
            "column": 18
          },
          "end": {
            "line": 10,
            "column": 20
          }
        },
        "6": {
          "start": {
            "line": 12,
            "column": 29
          },
          "end": {
            "line": 22,
            "column": 1
          }
        },
        "7": {
          "start": {
            "line": 14,
            "column": 8
          },
          "end": {
            "line": 14,
            "column": 86
          }
        },
        "8": {
          "start": {
            "line": 17,
            "column": 34
          },
          "end": {
            "line": 17,
            "column": 87
          }
        },
        "9": {
          "start": {
            "line": 18,
            "column": 28
          },
          "end": {
            "line": 18,
            "column": 58
          }
        },
        "10": {
          "start": {
            "line": 20,
            "column": 8
          },
          "end": {
            "line": 20,
            "column": 69
          }
        },
        "11": {
          "start": {
            "line": 24,
            "column": 26
          },
          "end": {
            "line": 35,
            "column": 1
          }
        },
        "12": {
          "start": {
            "line": 26,
            "column": 8
          },
          "end": {
            "line": 27,
            "column": 89
          }
        },
        "13": {
          "start": {
            "line": 30,
            "column": 34
          },
          "end": {
            "line": 30,
            "column": 87
          }
        },
        "14": {
          "start": {
            "line": 31,
            "column": 28
          },
          "end": {
            "line": 31,
            "column": 55
          }
        },
        "15": {
          "start": {
            "line": 33,
            "column": 8
          },
          "end": {
            "line": 33,
            "column": 69
          }
        },
        "16": {
          "start": {
            "line": 37,
            "column": 35
          },
          "end": {
            "line": 50,
            "column": 1
          }
        },
        "17": {
          "start": {
            "line": 39,
            "column": 8
          },
          "end": {
            "line": 41,
            "column": 94
          }
        },
        "18": {
          "start": {
            "line": 44,
            "column": 34
          },
          "end": {
            "line": 44,
            "column": 87
          }
        },
        "19": {
          "start": {
            "line": 45,
            "column": 28
          },
          "end": {
            "line": 45,
            "column": 58
          }
        },
        "20": {
          "start": {
            "line": 46,
            "column": 8
          },
          "end": {
            "line": 46,
            "column": 25
          }
        },
        "21": {
          "start": {
            "line": 47,
            "column": 8
          },
          "end": {
            "line": 47,
            "column": 20
          }
        },
        "22": {
          "start": {
            "line": 48,
            "column": 8
          },
          "end": {
            "line": 48,
            "column": 78
          }
        },
        "23": {
          "start": {
            "line": 52,
            "column": 30
          },
          "end": {
            "line": 69,
            "column": 1
          }
        },
        "24": {
          "start": {
            "line": 59,
            "column": 8
          },
          "end": {
            "line": 60,
            "column": 93
          }
        },
        "25": {
          "start": {
            "line": 63,
            "column": 34
          },
          "end": {
            "line": 63,
            "column": 87
          }
        },
        "26": {
          "start": {
            "line": 64,
            "column": 28
          },
          "end": {
            "line": 64,
            "column": 59
          }
        },
        "27": {
          "start": {
            "line": 65,
            "column": 25
          },
          "end": {
            "line": 65,
            "column": 62
          }
        },
        "28": {
          "start": {
            "line": 67,
            "column": 8
          },
          "end": {
            "line": 67,
            "column": 82
          }
        },
        "29": {
          "start": {
            "line": 71,
            "column": 35
          },
          "end": {
            "line": 85,
            "column": 1
          }
        },
        "30": {
          "start": {
            "line": 78,
            "column": 8
          },
          "end": {
            "line": 78,
            "column": 92
          }
        },
        "31": {
          "start": {
            "line": 81,
            "column": 8
          },
          "end": {
            "line": 81,
            "column": 91
          }
        },
        "32": {
          "start": {
            "line": 83,
            "column": 8
          },
          "end": {
            "line": 83,
            "column": 58
          }
        },
        "33": {
          "start": {
            "line": 87,
            "column": 31
          },
          "end": {
            "line": 103,
            "column": 1
          }
        },
        "34": {
          "start": {
            "line": 94,
            "column": 8
          },
          "end": {
            "line": 94,
            "column": 86
          }
        },
        "35": {
          "start": {
            "line": 97,
            "column": 27
          },
          "end": {
            "line": 97,
            "column": 76
          }
        },
        "36": {
          "start": {
            "line": 98,
            "column": 34
          },
          "end": {
            "line": 98,
            "column": 87
          }
        },
        "37": {
          "start": {
            "line": 99,
            "column": 28
          },
          "end": {
            "line": 99,
            "column": 72
          }
        },
        "38": {
          "start": {
            "line": 101,
            "column": 8
          },
          "end": {
            "line": 101,
            "column": 69
          }
        },
        "39": {
          "start": {
            "line": 105,
            "column": 21
          },
          "end": {
            "line": 122,
            "column": 1
          }
        },
        "40": {
          "start": {
            "line": 112,
            "column": 8
          },
          "end": {
            "line": 112,
            "column": 20
          }
        },
        "41": {
          "start": {
            "line": 115,
            "column": 34
          },
          "end": {
            "line": 115,
            "column": 87
          }
        },
        "42": {
          "start": {
            "line": 116,
            "column": 28
          },
          "end": {
            "line": 116,
            "column": 56
          }
        },
        "43": {
          "start": {
            "line": 117,
            "column": 31
          },
          "end": {
            "line": 117,
            "column": 68
          }
        },
        "44": {
          "start": {
            "line": 118,
            "column": 8
          },
          "end": {
            "line": 118,
            "column": 68
          }
        },
        "45": {
          "start": {
            "line": 120,
            "column": 8
          },
          "end": {
            "line": 120,
            "column": 77
          }
        },
        "46": {
          "start": {
            "line": 124,
            "column": 34
          },
          "end": {
            "line": 171,
            "column": 1
          }
        },
        "47": {
          "start": {
            "line": 126,
            "column": 28
          },
          "end": {
            "line": 126,
            "column": 56
          }
        },
        "48": {
          "start": {
            "line": 127,
            "column": 8
          },
          "end": {
            "line": 127,
            "column": 103
          }
        },
        "49": {
          "start": {
            "line": 135,
            "column": 8
          },
          "end": {
            "line": 169,
            "column": 9
          }
        },
        "50": {
          "start": {
            "line": 136,
            "column": 79
          },
          "end": {
            "line": 136,
            "column": 91
          }
        },
        "51": {
          "start": {
            "line": 137,
            "column": 32
          },
          "end": {
            "line": 137,
            "column": 128
          }
        },
        "52": {
          "start": {
            "line": 138,
            "column": 38
          },
          "end": {
            "line": 138,
            "column": 91
          }
        },
        "53": {
          "start": {
            "line": 139,
            "column": 28
          },
          "end": {
            "line": 139,
            "column": 93
          }
        },
        "54": {
          "start": {
            "line": 140,
            "column": 27
          },
          "end": {
            "line": 140,
            "column": 93
          }
        },
        "55": {
          "start": {
            "line": 141,
            "column": 30
          },
          "end": {
            "line": 141,
            "column": 75
          }
        },
        "56": {
          "start": {
            "line": 142,
            "column": 27
          },
          "end": {
            "line": 142,
            "column": 62
          }
        },
        "57": {
          "start": {
            "line": 145,
            "column": 12
          },
          "end": {
            "line": 146,
            "column": 120
          }
        },
        "58": {
          "start": {
            "line": 146,
            "column": 16
          },
          "end": {
            "line": 146,
            "column": 120
          }
        },
        "59": {
          "start": {
            "line": 149,
            "column": 12
          },
          "end": {
            "line": 150,
            "column": 93
          }
        },
        "60": {
          "start": {
            "line": 150,
            "column": 16
          },
          "end": {
            "line": 150,
            "column": 93
          }
        },
        "61": {
          "start": {
            "line": 152,
            "column": 26
          },
          "end": {
            "line": 152,
            "column": 109
          }
        },
        "62": {
          "start": {
            "line": 153,
            "column": 12
          },
          "end": {
            "line": 153,
            "column": 143
          }
        },
        "63": {
          "start": {
            "line": 154,
            "column": 12
          },
          "end": {
            "line": 154,
            "column": 78
          }
        },
        "64": {
          "start": {
            "line": 155,
            "column": 12
          },
          "end": {
            "line": 155,
            "column": 45
          }
        },
        "65": {
          "start": {
            "line": 157,
            "column": 12
          },
          "end": {
            "line": 163,
            "column": 13
          }
        },
        "66": {
          "start": {
            "line": 158,
            "column": 16
          },
          "end": {
            "line": 158,
            "column": 66
          }
        },
        "67": {
          "start": {
            "line": 159,
            "column": 16
          },
          "end": {
            "line": 159,
            "column": 76
          }
        },
        "68": {
          "start": {
            "line": 162,
            "column": 16
          },
          "end": {
            "line": 162,
            "column": 73
          }
        },
        "69": {
          "start": {
            "line": 165,
            "column": 12
          },
          "end": {
            "line": 165,
            "column": 86
          }
        },
        "70": {
          "start": {
            "line": 168,
            "column": 12
          },
          "end": {
            "line": 168,
            "column": 24
          }
        },
        "71": {
          "start": {
            "line": 173,
            "column": 26
          },
          "end": {
            "line": 194,
            "column": 1
          }
        },
        "72": {
          "start": {
            "line": 175,
            "column": 28
          },
          "end": {
            "line": 175,
            "column": 56
          }
        },
        "73": {
          "start": {
            "line": 176,
            "column": 8
          },
          "end": {
            "line": 176,
            "column": 95
          }
        },
        "74": {
          "start": {
            "line": 179,
            "column": 8
          },
          "end": {
            "line": 192,
            "column": 9
          }
        },
        "75": {
          "start": {
            "line": 180,
            "column": 22
          },
          "end": {
            "line": 180,
            "column": 94
          }
        },
        "76": {
          "start": {
            "line": 181,
            "column": 38
          },
          "end": {
            "line": 181,
            "column": 91
          }
        },
        "77": {
          "start": {
            "line": 182,
            "column": 30
          },
          "end": {
            "line": 182,
            "column": 70
          }
        },
        "78": {
          "start": {
            "line": 183,
            "column": 27
          },
          "end": {
            "line": 183,
            "column": 64
          }
        },
        "79": {
          "start": {
            "line": 185,
            "column": 12
          },
          "end": {
            "line": 186,
            "column": 107
          }
        },
        "80": {
          "start": {
            "line": 186,
            "column": 16
          },
          "end": {
            "line": 186,
            "column": 107
          }
        },
        "81": {
          "start": {
            "line": 188,
            "column": 12
          },
          "end": {
            "line": 188,
            "column": 86
          }
        },
        "82": {
          "start": {
            "line": 191,
            "column": 12
          },
          "end": {
            "line": 191,
            "column": 24
          }
        },
        "83": {
          "start": {
            "line": 196,
            "column": 28
          },
          "end": {
            "line": 217,
            "column": 1
          }
        },
        "84": {
          "start": {
            "line": 198,
            "column": 28
          },
          "end": {
            "line": 198,
            "column": 56
          }
        },
        "85": {
          "start": {
            "line": 199,
            "column": 8
          },
          "end": {
            "line": 199,
            "column": 97
          }
        },
        "86": {
          "start": {
            "line": 202,
            "column": 8
          },
          "end": {
            "line": 215,
            "column": 9
          }
        },
        "87": {
          "start": {
            "line": 203,
            "column": 38
          },
          "end": {
            "line": 203,
            "column": 91
          }
        },
        "88": {
          "start": {
            "line": 205,
            "column": 30
          },
          "end": {
            "line": 207,
            "column": 14
          }
        },
        "89": {
          "start": {
            "line": 206,
            "column": 15
          },
          "end": {
            "line": 206,
            "column": 36
          }
        },
        "90": {
          "start": {
            "line": 209,
            "column": 27
          },
          "end": {
            "line": 209,
            "column": 75
          }
        },
        "91": {
          "start": {
            "line": 211,
            "column": 12
          },
          "end": {
            "line": 211,
            "column": 86
          }
        },
        "92": {
          "start": {
            "line": 214,
            "column": 12
          },
          "end": {
            "line": 214,
            "column": 24
          }
        },
        "93": {
          "start": {
            "line": 219,
            "column": 28
          },
          "end": {
            "line": 261,
            "column": 1
          }
        },
        "94": {
          "start": {
            "line": 221,
            "column": 28
          },
          "end": {
            "line": 221,
            "column": 56
          }
        },
        "95": {
          "start": {
            "line": 222,
            "column": 8
          },
          "end": {
            "line": 222,
            "column": 97
          }
        },
        "96": {
          "start": {
            "line": 225,
            "column": 8
          },
          "end": {
            "line": 259,
            "column": 9
          }
        },
        "97": {
          "start": {
            "line": 226,
            "column": 62
          },
          "end": {
            "line": 226,
            "column": 74
          }
        },
        "98": {
          "start": {
            "line": 227,
            "column": 32
          },
          "end": {
            "line": 227,
            "column": 128
          }
        },
        "99": {
          "start": {
            "line": 228,
            "column": 38
          },
          "end": {
            "line": 228,
            "column": 91
          }
        },
        "100": {
          "start": {
            "line": 229,
            "column": 30
          },
          "end": {
            "line": 229,
            "column": 82
          }
        },
        "101": {
          "start": {
            "line": 231,
            "column": 12
          },
          "end": {
            "line": 232,
            "column": 142
          }
        },
        "102": {
          "start": {
            "line": 232,
            "column": 16
          },
          "end": {
            "line": 232,
            "column": 142
          }
        },
        "103": {
          "start": {
            "line": 237,
            "column": 37
          },
          "end": {
            "line": 237,
            "column": 79
          }
        },
        "104": {
          "start": {
            "line": 238,
            "column": 26
          },
          "end": {
            "line": 238,
            "column": 66
          }
        },
        "105": {
          "start": {
            "line": 239,
            "column": 25
          },
          "end": {
            "line": 239,
            "column": 64
          }
        },
        "106": {
          "start": {
            "line": 240,
            "column": 12
          },
          "end": {
            "line": 240,
            "column": 67
          }
        },
        "107": {
          "start": {
            "line": 242,
            "column": 12
          },
          "end": {
            "line": 254,
            "column": 13
          }
        },
        "108": {
          "start": {
            "line": 243,
            "column": 33
          },
          "end": {
            "line": 243,
            "column": 88
          }
        },
        "109": {
          "start": {
            "line": 244,
            "column": 16
          },
          "end": {
            "line": 244,
            "column": 71
          }
        },
        "110": {
          "start": {
            "line": 245,
            "column": 16
          },
          "end": {
            "line": 245,
            "column": 28
          }
        },
        "111": {
          "start": {
            "line": 246,
            "column": 16
          },
          "end": {
            "line": 246,
            "column": 33
          }
        },
        "112": {
          "start": {
            "line": 247,
            "column": 16
          },
          "end": {
            "line": 247,
            "column": 28
          }
        },
        "113": {
          "start": {
            "line": 248,
            "column": 16
          },
          "end": {
            "line": 248,
            "column": 86
          }
        },
        "114": {
          "start": {
            "line": 251,
            "column": 16
          },
          "end": {
            "line": 251,
            "column": 67
          }
        },
        "115": {
          "start": {
            "line": 252,
            "column": 31
          },
          "end": {
            "line": 252,
            "column": 68
          }
        },
        "116": {
          "start": {
            "line": 253,
            "column": 16
          },
          "end": {
            "line": 253,
            "column": 90
          }
        },
        "117": {
          "start": {
            "line": 258,
            "column": 12
          },
          "end": {
            "line": 258,
            "column": 24
          }
        },
        "118": {
          "start": {
            "line": 263,
            "column": 0
          },
          "end": {
            "line": 274,
            "column": 1
          }
        }
      },
      "fnMap": {
        "0": {
          "name": "(anonymous_0)",
          "decl": {
            "start": {
              "line": 13,
              "column": 4
            },
            "end": {
              "line": 13,
              "column": 5
            }
          },
          "loc": {
            "start": {
              "line": 13,
              "column": 28
            },
            "end": {
              "line": 15,
              "column": 5
            }
          },
          "line": 13
        },
        "1": {
          "name": "(anonymous_1)",
          "decl": {
            "start": {
              "line": 16,
              "column": 4
            },
            "end": {
              "line": 16,
              "column": 5
            }
          },
          "loc": {
            "start": {
              "line": 16,
              "column": 25
            },
            "end": {
              "line": 21,
              "column": 5
            }
          },
          "line": 16
        },
        "2": {
          "name": "(anonymous_2)",
          "decl": {
            "start": {
              "line": 25,
              "column": 4
            },
            "end": {
              "line": 25,
              "column": 5
            }
          },
          "loc": {
            "start": {
              "line": 25,
              "column": 28
            },
            "end": {
              "line": 28,
              "column": 5
            }
          },
          "line": 25
        },
        "3": {
          "name": "(anonymous_3)",
          "decl": {
            "start": {
              "line": 29,
              "column": 4
            },
            "end": {
              "line": 29,
              "column": 5
            }
          },
          "loc": {
            "start": {
              "line": 29,
              "column": 25
            },
            "end": {
              "line": 34,
              "column": 5
            }
          },
          "line": 29
        },
        "4": {
          "name": "(anonymous_4)",
          "decl": {
            "start": {
              "line": 38,
              "column": 4
            },
            "end": {
              "line": 38,
              "column": 5
            }
          },
          "loc": {
            "start": {
              "line": 38,
              "column": 28
            },
            "end": {
              "line": 42,
              "column": 5
            }
          },
          "line": 38
        },
        "5": {
          "name": "(anonymous_5)",
          "decl": {
            "start": {
              "line": 43,
              "column": 4
            },
            "end": {
              "line": 43,
              "column": 5
            }
          },
          "loc": {
            "start": {
              "line": 43,
              "column": 25
            },
            "end": {
              "line": 49,
              "column": 5
            }
          },
          "line": 43
        },
        "6": {
          "name": "(anonymous_6)",
          "decl": {
            "start": {
              "line": 58,
              "column": 4
            },
            "end": {
              "line": 58,
              "column": 5
            }
          },
          "loc": {
            "start": {
              "line": 58,
              "column": 28
            },
            "end": {
              "line": 61,
              "column": 5
            }
          },
          "line": 58
        },
        "7": {
          "name": "(anonymous_7)",
          "decl": {
            "start": {
              "line": 62,
              "column": 4
            },
            "end": {
              "line": 62,
              "column": 5
            }
          },
          "loc": {
            "start": {
              "line": 62,
              "column": 25
            },
            "end": {
              "line": 68,
              "column": 5
            }
          },
          "line": 62
        },
        "8": {
          "name": "(anonymous_8)",
          "decl": {
            "start": {
              "line": 77,
              "column": 4
            },
            "end": {
              "line": 77,
              "column": 5
            }
          },
          "loc": {
            "start": {
              "line": 77,
              "column": 28
            },
            "end": {
              "line": 79,
              "column": 5
            }
          },
          "line": 77
        },
        "9": {
          "name": "(anonymous_9)",
          "decl": {
            "start": {
              "line": 80,
              "column": 4
            },
            "end": {
              "line": 80,
              "column": 5
            }
          },
          "loc": {
            "start": {
              "line": 80,
              "column": 25
            },
            "end": {
              "line": 84,
              "column": 5
            }
          },
          "line": 80
        },
        "10": {
          "name": "(anonymous_10)",
          "decl": {
            "start": {
              "line": 93,
              "column": 4
            },
            "end": {
              "line": 93,
              "column": 5
            }
          },
          "loc": {
            "start": {
              "line": 93,
              "column": 28
            },
            "end": {
              "line": 95,
              "column": 5
            }
          },
          "line": 93
        },
        "11": {
          "name": "(anonymous_11)",
          "decl": {
            "start": {
              "line": 96,
              "column": 4
            },
            "end": {
              "line": 96,
              "column": 5
            }
          },
          "loc": {
            "start": {
              "line": 96,
              "column": 25
            },
            "end": {
              "line": 102,
              "column": 5
            }
          },
          "line": 96
        },
        "12": {
          "name": "(anonymous_12)",
          "decl": {
            "start": {
              "line": 111,
              "column": 4
            },
            "end": {
              "line": 111,
              "column": 5
            }
          },
          "loc": {
            "start": {
              "line": 111,
              "column": 16
            },
            "end": {
              "line": 113,
              "column": 5
            }
          },
          "line": 111
        },
        "13": {
          "name": "(anonymous_13)",
          "decl": {
            "start": {
              "line": 114,
              "column": 4
            },
            "end": {
              "line": 114,
              "column": 5
            }
          },
          "loc": {
            "start": {
              "line": 114,
              "column": 32
            },
            "end": {
              "line": 121,
              "column": 5
            }
          },
          "line": 114
        },
        "14": {
          "name": "(anonymous_14)",
          "decl": {
            "start": {
              "line": 125,
              "column": 4
            },
            "end": {
              "line": 125,
              "column": 5
            }
          },
          "loc": {
            "start": {
              "line": 125,
              "column": 28
            },
            "end": {
              "line": 128,
              "column": 5
            }
          },
          "line": 125
        },
        "15": {
          "name": "(anonymous_15)",
          "decl": {
            "start": {
              "line": 129,
              "column": 4
            },
            "end": {
              "line": 129,
              "column": 5
            }
          },
          "loc": {
            "start": {
              "line": 129,
              "column": 31
            },
            "end": {
              "line": 170,
              "column": 5
            }
          },
          "line": 129
        },
        "16": {
          "name": "(anonymous_16)",
          "decl": {
            "start": {
[...]
            "end": {
              "line": 19,
              "column": 1
            }
          },
          "line": 8
        }
      },
      "branchMap": {},
      "s": {
        "0": 0,
        "1": 0,
        "2": 0,
        "3": 0,
        "4": 0,
        "5": 0,
        "6": 0
      },
      "f": {
        "0": 0
      },
      "b": {},
      "hash": "1893c768f5dc5f691425d308f3646a6fc1464e87"
    },
    "/Users/Guoda/Documents/Alexa - Things To Do/local-debugger.js": {
      "path": "/Users/Guoda/Documents/Alexa - Things To Do/local-debugger.js",
      "statementMap": {
        "0": {
          "start": {
            "line": 25,
            "column": 12
          },
          "end": {
            "line": 25,
            "column": 26
          }
        },
        "1": {
          "start": {
            "line": 26,
            "column": 11
          },
          "end": {
            "line": 26,
            "column": 24
          }
        },
        "2": {
          "start": {
            "line": 28,
            "column": 22
          },
          "end": {
            "line": 28,
            "column": 40
          }
        },
        "3": {
          "start": {
            "line": 30,
            "column": 28
          },
          "end": {
            "line": 30,
            "column": 34
          }
        },
        "4": {
          "start": {
            "line": 31,
            "column": 26
          },
          "end": {
            "line": 31,
            "column": 36
          }
        },
        "5": {
          "start": {
            "line": 32,
            "column": 27
          },
          "end": {
            "line": 32,
            "column": 36
          }
        },
        "6": {
          "start": {
            "line": 33,
            "column": 13
          },
          "end": {
            "line": 33,
            "column": 24
          }
        },
        "7": {
          "start": {
            "line": 34,
            "column": 20
          },
          "end": {
            "line": 34,
            "column": 21
          }
        },
        "8": {
          "start": {
            "line": 42,
            "column": 21
          },
          "end": {
            "line": 42,
            "column": 62
          }
        },
        "9": {
          "start": {
            "line": 43,
            "column": 19
          },
          "end": {
            "line": 43,
            "column": 45
          }
        },
        "10": {
          "start": {
            "line": 44,
            "column": 26
          },
          "end": {
            "line": 44,
            "column": 48
          }
        },
        "11": {
          "start": {
            "line": 50,
            "column": 0
          },
          "end": {
            "line": 52,
            "column": 3
          }
        },
        "12": {
          "start": {
            "line": 51,
            "column": 4
          },
          "end": {
            "line": 51,
            "column": 77
          }
        },
        "13": {
          "start": {
            "line": 63,
            "column": 0
          },
          "end": {
            "line": 74,
            "column": 3
          }
        },
        "14": {
          "start": {
            "line": 64,
            "column": 4
          },
          "end": {
            "line": 64,
            "column": 81
          }
        },
        "15": {
          "start": {
            "line": 65,
            "column": 4
          },
          "end": {
            "line": 73,
            "column": 7
          }
        },
        "16": {
          "start": {
            "line": 66,
            "column": 21
          },
          "end": {
            "line": 66,
            "column": 79
          }
        },
        "17": {
          "start": {
            "line": 67,
            "column": 8
          },
          "end": {
            "line": 67,
            "column": 65
          }
        },
        "18": {
          "start": {
            "line": 68,
            "column": 8
          },
          "end": {
            "line": 72,
            "column": 11
          }
        },
        "19": {
          "start": {
            "line": 69,
            "column": 12
          },
          "end": {
            "line": 69,
            "column": 48
          }
        },
        "20": {
          "start": {
            "line": 70,
            "column": 12
          },
          "end": {
            "line": 70,
            "column": 58
          }
        },
        "21": {
          "start": {
            "line": 71,
            "column": 12
          },
          "end": {
            "line": 71,
            "column": 197
          }
        },
        "22": {
          "start": {
            "line": 82,
            "column": 31
          },
          "end": {
            "line": 82,
            "column": 77
          }
        },
        "23": {
          "start": {
            "line": 83,
            "column": 4
          },
          "end": {
            "line": 85,
            "column": 5
          }
        },
        "24": {
          "start": {
            "line": 84,
            "column": 8
          },
          "end": {
            "line": 84,
            "column": 85
          }
        },
        "25": {
          "start": {
            "line": 86,
            "column": 4
          },
          "end": {
            "line": 88,
            "column": 5
          }
        },
        "26": {
          "start": {
            "line": 87,
            "column": 8
          },
          "end": {
            "line": 87,
            "column": 125
          }
        },
        "27": {
          "start": {
            "line": 89,
            "column": 4
          },
          "end": {
            "line": 92,
            "column": 5
          }
        },
        "28": {
          "start": {
            "line": 90,
            "column": 8
          },
          "end": {
            "line": 91,
            "column": 67
          }
        },
        "29": {
          "start": {
            "line": 93,
            "column": 4
          },
          "end": {
            "line": 93,
            "column": 30
          }
        },
        "30": {
          "start": {
            "line": 102,
            "column": 4
          },
          "end": {
            "line": 102,
            "column": 60
          }
        },
        "31": {
          "start": {
            "line": 112,
            "column": 29
          },
          "end": {
            "line": 112,
            "column": 58
          }
        },
        "32": {
          "start": {
            "line": 113,
            "column": 4
          },
          "end": {
            "line": 115,
            "column": 5
          }
        },
        "33": {
          "start": {
            "line": 114,
            "column": 8
          },
          "end": {
            "line": 114,
            "column": 63
          }
        },
        "34": {
          "start": {
            "line": 116,
            "column": 4
          },
          "end": {
            "line": 116,
            "column": 28
          }
        },
        "35": {
          "start": {
            "line": 126,
            "column": 18
          },
          "end": {
            "line": 126,
            "column": 59
          }
        },
        "36": {
          "start": {
            "line": 127,
            "column": 4
          },
          "end": {
            "line": 133,
            "column": 5
          }
        },
        "37": {
          "start": {
            "line": 128,
            "column": 8
          },
          "end": {
            "line": 132,
            "column": 9
          }
        },
        "38": {
          "start": {
            "line": 129,
            "column": 12
          },
          "end": {
            "line": 129,
            "column": 81
          }
        },
        "39": {
          "start": {
            "line": 131,
            "column": 12
          },
          "end": {
            "line": 131,
            "column": 32
          }
        },
        "40": {
          "start": {
            "line": 134,
            "column": 4
          },
          "end": {
            "line": 134,
            "column": 35
          }
        }
      },
      "fnMap": {
        "0": {
          "name": "(anonymous_0)",
          "decl": {
            "start": {
              "line": 50,
              "column": 39
            },
            "end": {
              "line": 50,
              "column": 40
            }
          },
          "loc": {
            "start": {
              "line": 50,
              "column": 45
            },
            "end": {
              "line": 52,
              "column": 1
            }
          },
          "line": 50
        },
        "1": {
          "name": "(anonymous_1)",
          "decl": {
            "start": {
              "line": 63,
              "column": 31
            },
            "end": {
              "line": 63,
              "column": 32
            }
          },
          "loc": {
            "start": {
              "line": 63,
              "column": 43
            },
            "end": {
              "line": 74,
              "column": 1
            }
          },
          "line": 63
        },
        "2": {
          "name": "(anonymous_2)",
          "decl": {
            "start": {
              "line": 65,
              "column": 22
            },
            "end": {
              "line": 65,
              "column": 23
            }
          },
          "loc": {
            "start": {
              "line": 65,
              "column": 32
            },
            "end": {
              "line": 73,
              "column": 5
            }
          },
          "line": 65
        },
        "3": {
          "name": "(anonymous_3)",
          "decl": {
            "start": {
              "line": 68,
              "column": 52
            },
            "end": {
              "line": 68,
              "column": 53
            }
          },
          "loc": {
            "start": {
              "line": 68,
              "column": 78
            },
            "end": {
              "line": 72,
              "column": 9
            }
          },
          "line": 68
        },
        "4": {
          "name": "getAndValidatePortNumber",
          "decl": {
            "start": {
              "line": 81,
              "column": 9
            },
            "end": {
              "line": 81,
              "column": 33
            }
          },
          "loc": {
            "start": {
              "line": 81,
              "column": 36
            },
            "end": {
              "line": 94,
              "column": 1
            }
          },
          "line": 81
        },
        "5": {
          "name": "getLambdaHandlerName",
          "decl": {
            "start": {
              "line": 101,
              "column": 9
            },
            "end": {
              "line": 101,
              "column": 29
            }
          },
          "loc": {
            "start": {
              "line": 101,
              "column": 32
            },
            "end": {
              "line": 103,
              "column": 1
            }
          },
          "line": 101
        },
        "6": {
          "name": "getAndValidateSkillInvokerFile",
          "decl": {
            "start": {
              "line": 111,
              "column": 9
            },
            "end": {
              "line": 111,
              "column": 39
            }
          },
          "loc": {
            "start": {
              "line": 111,
              "column": 42
            },
            "end": {
              "line": 117,
              "column": 1
            }
          },
          "line": 111
        },
        "7": {
          "name": "getArgument",
          "decl": {
            "start": {
              "line": 125,
              "column": 9
            },
            "end": {
              "line": 125,
              "column": 20
            }
          },
          "loc": {
            "start": {
              "line": 125,
              "column": 49
            },
            "end": {
              "line": 135,
              "column": 1
            }
          },
          "line": 125
        }
      },
      "branchMap": {
        "0": {
          "loc": {
            "start": {
              "line": 83,
              "column": 4
            },
            "end": {
              "line": 85,
              "column": 5
            }
          },
          "type": "if",
          "locations": [
            {
              "start": {
                "line": 83,
                "column": 4
              },
              "end": {
                "line": 85,
                "column": 5
              }
            },
            {
              "start": {
                "line": 83,
                "column": 4
              },
              "end": {
                "line": 85,
                "column": 5
              }
            }
          ],
          "line": 83
        },
        "1": {
          "loc": {
            "start": {
              "line": 86,
              "column": 4
            },
            "end": {
              "line": 88,
              "column": 5
            }
          },
          "type": "if",
          "locations": [
            {
              "start": {
                "line": 86,
                "column": 4
              },
              "end": {
                "line": 88,
                "column": 5
              }
            },
            {
              "start": {
                "line": 86,
                "column": 4
              },
              "end": {
                "line": 88,
                "column": 5
              }
            }
          ],
          "line": 86
        },
        "2": {
          "loc": {
            "start": {
              "line": 86,
              "column": 8
            },
            "end": {
              "line": 86,
              "column": 60
            }
          },
          "type": "binary-expr",
          "locations": [
            {
              "start": {
                "line": 86,
                "column": 8
              },
              "end": {
                "line": 86,
                "column": 30
              }
            },
            {
              "start": {
                "line": 86,
                "column": 34
              },
              "end": {
                "line": 86,
                "column": 60
              }
            }
          ],
          "line": 86
        },
        "3": {
          "loc": {
            "start": {
              "line": 89,
              "column": 4
            },
            "end": {
              "line": 92,
              "column": 5
            }
          },
          "type": "if",
          "locations": [
            {
              "start": {
                "line": 89,
                "column": 4
              },
              "end": {
                "line": 92,
                "column": 5
              }
            },
            {
              "start": {
                "line": 89,
                "column": 4
              },
              "end": {
                "line": 92,
                "column": 5
              }
            }
          ],
          "line": 89
        },
        "4": {
          "loc": {
            "start": {
              "line": 113,
              "column": 4
            },
            "end": {
              "line": 115,
              "column": 5
            }
          },
          "type": "if",
          "locations": [
            {
              "start": {
                "line": 113,
                "column": 4
              },
              "end": {
                "line": 115,
                "column": 5
              }
            },
            {
              "start": {
                "line": 113,
                "column": 4
              },
              "end": {
                "line": 115,
                "column": 5
              }
            }
          ],
          "line": 113
        },
        "5": {
          "loc": {
            "start": {
              "line": 127,
              "column": 4
            },
            "end": {
              "line": 133,
              "column": 5
            }
          },
          "type": "if",
          "locations": [
            {
              "start": {
                "line": 127,
                "column": 4
              },
              "end": {
                "line": 133,
                "column": 5
              }
            },
            {
              "start": {
                "line": 127,
                "column": 4
              },
              "end": {
                "line": 133,
                "column": 5
              }
            }
          ],
          "line": 127
        },
        "6": {
          "loc": {
            "start": {
              "line": 127,
              "column": 8
            },
            "end": {
              "line": 127,
              "column": 70
            }
          },
          "type": "binary-expr",
          "locations": [
            {
              "start": {
                "line": 127,
                "column": 8
              },
              "end": {
                "line": 127,
                "column": 20
              }
            },
            {
              "start": {
                "line": 127,
                "column": 24
              },
              "end": {
                "line": 127,
                "column": 70
              }
            }
          ],
          "line": 127
        },
        "7": {
          "loc": {
            "start": {
              "line": 128,
              "column": 8
            },
            "end": {
              "line": 132,
              "column": 9
            }
          },
          "type": "if",
          "locations": [
            {
              "start": {
                "line": 128,
                "column": 8
              },
              "end": {
                "line": 132,
                "column": 9
              }
            },
            {
              "start": {
                "line": 128,
                "column": 8
              },
              "end": {
                "line": 132,
                "column": 9
              }
            }
          ],
          "line": 128
        }
      },
      "s": {
        "0": 0,
        "1": 0,
        "2": 0,
        "3": 0,
        "4": 0,
        "5": 0,
        "6": 0,
        "7": 0,
        "8": 0,
        "9": 0,
        "10": 0,
        "11": 0,
        "12": 0,
        "13": 0,
        "14": 0,
        "15": 0,
        "16": 0,
        "17": 0,
        "18": 0,
        "19": 0,
        "20": 0,
        "21": 0,
        "22": 0,
        "23": 0,
        "24": 0,
        "25": 0,
        "26": 0,
        "27": 0,
        "28": 0,
        "29": 0,
        "30": 0,
        "31": 0,
        "32": 0,
        "33": 0,
        "34": 0,
        "35": 0,
        "36": 0,
        "37": 0,
        "38": 0,
        "39": 0,
        "40": 0
      },
      "f": {
        "0": 0,
        "1": 0,
        "2": 0,
        "3": 0,
        "4": 0,
        "5": 0,
        "6": 0,
        "7": 0
      },
      "b": {
        "0": [
          0,
          0
        ],
        "1": [
          0,
          0
        ],
        "2": [
          0,
          0
        ],
        "3": [
          0,
          0
        ],
        "4": [
          0,
          0
        ],
        "5": [
          0,
          0
        ],
        "6": [
          0,
          0
        ],
        "7": [
          0,
          0
        ]
      },
      "hash": "7e2b52b0dab32e8833112acfa8c58965dda34480"
    }
  }
}